2024-08-13 16:33:09,070 - INFO - Received fetch bookings request: Start: 2024-08-01, End: 2024-08-30
2024-08-14 10:14:39,468 - INFO - Received fetch available hall request: Start: 2024-08-01T10:00:00, End: 2024-08-30T11:00:00
2024-08-14 10:14:46,547 - INFO - Received fetch bookings request: Start: 2024-08-01, End: 2024-08-30
2024-08-14 10:14:50,795 - INFO - Received booking request: Hall A, Start: 2024-08-01T10:00:00, End: 2024-08-02T12:00:00
2024-08-14 11:01:58,633 - INFO - Received booking request: Hall F, Start: 2024-07-15T10:00:00, End: 2024-07-15T12:00:00
2024-08-14 16:06:58,195 - INFO - Received fetch available hall request: Start: 2024-08-01T10:00:00, End: 2024-08-30T11:00:00
2024-08-14 16:07:05,242 - INFO - Received booking request: Hall F, Start: 2024-07-15T10:00:00, End: 2024-07-15T12:00:00
2024-08-14 16:07:10,815 - INFO - Received fetch bookings request: Start: 2024-08-01, End: 2024-08-30
2024-08-14 16:07:16,366 - INFO - Received fetch bookings request: Start: 2024-08-01, End: 2024-08-30
2024-08-16 11:05:40,010 - INFO - Received fetch available hall request: Start: 2024-08-01T10:00:00, End: 2024-08-30T11:00:00
2024-08-16 11:05:43,696 - INFO - Received fetch bookings request: Start: 2024-08-01, End: 2024-08-30
2024-08-16 13:22:13,491 - INFO - Received fetch bookings request: Start: 2024-08-01, End: 2024-08-30
2024-08-16 13:22:16,456 - INFO - Received fetch bookings request: Start: 2024-08-01, End: 2024-08-30
2024-08-16 13:22:53,281 - INFO - Received fetch bookings request: Start: 2024-08-01, End: 2024-08-30
2024-08-16 13:26:55,993 - INFO - Received fetch bookings request: Start: 2024-08-01, End: 2024-08-30
2024-08-16 13:26:56,895 - INFO - Received fetch bookings request: Start: 2024-08-01, End: 2024-08-30
2024-08-16 13:26:57,627 - INFO - Received fetch bookings request: Start: 2024-08-01, End: 2024-08-30
2024-08-16 13:27:00,894 - INFO - Received fetch bookings request: Start: 2024-08-01, End: 2024-08-30
2024-08-16 13:27:55,942 - INFO - Received fetch bookings request: Start: 2024-08-01, End: 2024-08-30
2024-08-16 13:27:56,835 - INFO - Received fetch bookings request: Start: 2024-08-01, End: 2024-08-30
2024-08-16 13:28:36,316 - INFO - Received fetch bookings request: Start: 2024-08-01, End: 2024-08-30
2024-08-16 13:32:23,593 - INFO - Received fetch bookings request: Start: 2024-08-01, End: 2024-08-30
2024-08-16 15:32:37,826 - INFO - Received fetch available hall request: Start: 2024-08-01T10:00:00, End: 2024-08-30T11:00:00
2024-08-16 15:32:40,575 - INFO - Received fetch bookings request: Start: 2024-08-01, End: 2024-08-30
2024-08-16 15:32:43,491 - INFO - Received booking request: Hall F, Start: 2024-07-15T10:00:00, End: 2024-07-15T12:00:00
2024-08-16 15:32:53,279 - INFO - Received fetch bookings request: Start: 2024-08-01, End: 2024-08-30
2024-08-16 15:33:17,533 - INFO - Received update request: Booking ID: 207694, Start: 2024-08-01T10:00:00, End: 2024-08-20T11:00:00
2024-08-16 15:33:52,183 - INFO - Received cancellation request: Booking ID: 207696
2024-08-20 10:53:35,609 - INFO - Received fetch available hall request: Start: 2024-08-01T10:00:00, End: 2024-08-30T11:00:00
2024-08-20 10:57:39,515 - INFO - Received fetch available hall request: Start: 2024-08-01T10:00:00, End: 2024-08-30T11:00:00
2024-08-20 10:59:24,656 - INFO - Received fetch available hall request: Start: 2024-08-01T10:00:00, End: 2024-08-30T11:00:00
2024-08-20 11:00:28,780 - INFO - Received fetch available hall request: Start: 2024-08-01T10:00:00, End: 2024-08-30T11:00:00
2024-08-20 11:00:28,781 - ERROR - Invalid Input for fetch available request
2024-08-20 11:00:48,988 - INFO - Received fetch available hall request: Start: 2024-08-01T10:00:00, End: 2024-08-30T11:00:00
2024-08-20 11:25:59,980 - INFO - Received fetch available hall request: Start: 2024-08-01T10:00:00, End: 2024-08-30T11:00:00
2024-08-20 11:26:22,943 - INFO - Received booking request: Hall F, Start: 2024-07-15T10:00:00, End: 2024-07-15T12:00:00
2024-08-20 12:42:37,039 - INFO - Received fetch available hall request: Start: 2024-08-01T10:00:00, End: 2024-08-30T11:00:00
2024-08-20 12:42:44,343 - INFO - Received fetch bookings request: Start: 2024-08-01, End: 2024-08-30
2024-08-20 12:42:50,736 - INFO - Received booking request: Hall F, Start: 2024-07-15T10:00:00, End: 2024-07-15T12:00:00
2024-08-20 12:43:03,019 - INFO - Received fetch bookings request: Start: 2024-08-01, End: 2024-08-30
2024-08-20 12:43:36,898 - INFO - Received update request: Booking ID: d454af, Start: 2024-08-01T10:00:00, End: 2024-08-20T11:00:00
2024-08-20 12:43:55,093 - INFO - Received cancellation request: Booking ID: d454af
2024-08-21 13:22:08,454 - INFO - Received fetch available hall request: Start: 2024-08-01T10:00:00, End: 2024-08-30T11:00:00
2024-08-21 13:22:24,739 - INFO - Received fetch bookings request: Start: 2024-08-01, End: 2024-08-30
2024-08-21 13:22:52,583 - INFO - Received booking request: Hall F, Start: 2024-07-15T10:00:00, End: 2024-07-15T12:00:00
2024-08-21 13:23:19,298 - INFO - Received update request: Booking ID: ca6da8, Start: 2024-08-01T10:00:00, End: 2024-08-20T11:00:00
2024-08-21 13:24:17,509 - INFO - Received update request: Booking ID: ca6da8, Start: 2024-08-01T10:00:00, End: 2024-08-02T11:00:00
2024-08-21 15:19:54,999 - INFO - Received fetch available hall request: Start: 2024-08-01T10:00:00, End: 2024-08-30T11:00:00
2024-08-21 15:20:02,973 - INFO - Received booking request: Hall F, Start: 2024-07-15T10:00:00, End: 2024-07-15T12:00:00
2024-08-21 16:30:42,847 - INFO - Received fetch available hall request: Start: 2024-08-01T10:00:00, End: 2024-08-30T11:00:00
2024-08-27 11:33:07,124 - INFO - Received fetch available hall request: Start: 2024-08-01T10:00:00, End: 2024-08-30T11:00:00
2024-08-27 17:40:31,614 - INFO - Received fetch available hall request: Start: 2024-08-01T10:00:00, End: 2024-08-30T11:00:00, Capacity: 100
2024-08-27 17:40:52,311 - INFO - Received fetch available hall request: Start: 2024-08-01T10:00:00, End: 2024-08-03T11:00:00, Capacity: 100
2024-08-27 17:41:06,105 - INFO - Received fetch available hall request: Start: 2024-06-01T10:00:00, End: 2024-06-03T11:00:00, Capacity: 100
2024-08-27 17:41:16,318 - INFO - Received fetch available hall request: Start: 2024-06-01T10:00:00, End: 2024-06-03T11:00:00, Capacity: 50
2024-08-27 17:41:24,321 - INFO - Received fetch available hall request: Start: 2024-06-01T10:00:00, End: 2024-06-03T11:00:00, Capacity: 500
2024-08-28 10:24:47,585 - INFO - Received fetch available hall request: Start: 2024-06-01T10:00:00, End: 2024-06-03T11:00:00, Capacity: 500
2024-08-28 10:25:14,043 - INFO - Received booking request: Hall F, Start: 2024-07-15T10:00:00, End: 2024-07-15T12:00:00, capcacity: 250
2024-08-28 10:26:04,600 - INFO - Received fetch bookings request: Start: 2024-08-01, End: 2024-08-30
2024-08-28 10:26:43,568 - INFO - Received fetch bookings request: Start: 2024-08-01, End: 2024-08-30
2024-08-28 10:35:20,386 - INFO - Received update request: Booking ID: 7fceea, Start: 2024-08-03T10:00:00, End: 2024-08-03T11:00:00, Capacity: 200
2024-08-28 10:35:30,868 - INFO - Received update request: Booking ID: 7fceea, Start: 2024-08-03T10:00:00, End: 2024-08-03T11:00:00, Capacity: 20
2024-08-28 10:36:07,778 - INFO - Received update request: Booking ID: 7fceea, Start: 2024-08-03T10:00:00, End: 2024-08-03T11:00:00, Capacity: 20
2024-08-28 10:38:16,367 - INFO - Received update request: Booking ID: 7fceea, Start: 2024-08-03T10:00:00, End: 2024-08-03T11:00:00, Capacity: 2
2024-08-28 10:39:05,197 - INFO - Received update request: Booking ID: 7fceea, Start: 2024-08-03T10:00:00, End: 2024-08-03T11:00:00, Capacity: 20
2024-08-28 10:39:19,486 - INFO - Received update request: Booking ID: 7fceea, Start: 2024-08-03T10:00:00, End: 2024-08-03T11:00:00, Capacity: 20
2024-08-28 10:40:54,391 - INFO - Received update request: Booking ID: 7fceea, Start: 2024-08-03T10:00:00, End: 2024-08-03T11:00:00, Capacity: 20
2024-08-28 10:40:56,127 - INFO - Received update request: Booking ID: 7fceea, Start: 2024-08-03T10:00:00, End: 2024-08-03T11:00:00, Capacity: 20
2024-08-28 10:41:02,002 - INFO - Received update request: Booking ID: 7fceea, Start: 2024-08-03T10:00:00, End: 2024-08-03T11:00:00, Capacity: 20
2024-08-28 10:43:51,435 - INFO - Received update request: Booking ID: 7fceea, Start: 2024-08-03T10:00:00, End: 2024-08-03T11:00:00, Capacity: 20
2024-08-28 10:43:53,129 - INFO - Received update request: Booking ID: 7fceea, Start: 2024-08-03T10:00:00, End: 2024-08-03T11:00:00, Capacity: 20
2024-08-28 10:43:54,343 - INFO - Received update request: Booking ID: 7fceea, Start: 2024-08-03T10:00:00, End: 2024-08-03T11:00:00, Capacity: 20
2024-08-28 10:45:51,869 - INFO - Received cancellation request: Booking ID: 7fceea
2024-08-28 10:45:54,365 - INFO - Received cancellation request: Booking ID: 7fceea
2024-08-28 13:23:37,524 - INFO - Received cancellation request: Booking ID: 66ced707426a8ce5be7ff3a0
2024-08-29 16:50:39,550 - INFO - Received fetch bookings request: Start: 2024-08-01, End: 2024-08-30
2024-08-29 16:51:10,038 - INFO - Received fetch bookings request: Start: 2024-08-01, End: 2024-08-30
2024-08-29 16:51:34,455 - INFO - Received fetch bookings request: Start: 2024-08-01, End: 2024-08-30
2024-08-29 17:02:07,866 - INFO - Received fetch bookings request: Start: 2024-08-01, End: 2024-08-30
2024-08-29 17:02:09,899 - INFO - Received fetch bookings request: Start: 2024-08-01, End: 2024-08-30
